# QEMU configure log Thu May 16 16:05:09 CDT 2024
# Configured with: '/c/users/seski/source/repos/xemu-uwp/configure' '--extra-cflags=-DXBOX=1  -Wno-error ' '--extra-ldflags=' '--target-list=i386-softmmu' '--enable-lto' '--disable-fortify-source'
#

funcs: do_compiler_werror do_cc compile_object check_define main
lines: 157 171 405 422 0
cc -DXBOX=1 -Wno-error -std=gnu11 -Wall -c -o config-temp/qemu-conf.o config-temp/qemu-conf.c
config-temp/qemu-conf.c:2:2: error: #error __linux__ not defined
    2 | #error __linux__ not defined
      |  ^~~~~

funcs: do_compiler_werror do_cc compile_object check_define main
lines: 157 171 405 424 0
cc -DXBOX=1 -Wno-error -std=gnu11 -Wall -c -o config-temp/qemu-conf.o config-temp/qemu-conf.c

funcs: do_compiler_werror do_cc compile_object check_define main
lines: 157 171 405 515 0
cc -DXBOX=1 -Wno-error -std=gnu11 -Wall -c -o config-temp/qemu-conf.o config-temp/qemu-conf.c
config-temp/qemu-conf.c:2:2: error: #error __i386__ not defined
    2 | #error __i386__ not defined
      |  ^~~~~

funcs: do_compiler_werror do_cc compile_object check_define main
lines: 157 171 405 517 0
cc -DXBOX=1 -Wno-error -std=gnu11 -Wall -c -o config-temp/qemu-conf.o config-temp/qemu-conf.c

funcs: do_compiler_werror do_cc compile_object check_define main
lines: 157 171 405 518 0
cc -DXBOX=1 -Wno-error -std=gnu11 -Wall -c -o config-temp/qemu-conf.o config-temp/qemu-conf.c
config-temp/qemu-conf.c:2:2: error: #error __ILP32__ not defined
    2 | #error __ILP32__ not defined
      |  ^~~~~

funcs: do_compiler_werror do_cc compile_object main
lines: 157 171 1142 0
cc -m64 -mcx16 -DXBOX=1 -Wno-error -mthreads -std=gnu11 -Wall -c -o config-temp/qemu-conf.o config-temp/qemu-conf.c

funcs: do_compiler_werror do_cc compile_prog main
lines: 157 177 1147 0
cc -m64 -mcx16 -DXBOX=1 -Wno-error -mthreads -std=gnu11 -Wall -o config-temp/qemu-conf.exe config-temp/qemu-conf.c

funcs: do_compiler_werror do_cc compile_prog main
lines: 157 177 1191 0
cc -m64 -mcx16 -DXBOX=1 -Wno-error -mthreads -std=gnu11 -Wall -o config-temp/qemu-conf.exe config-temp/qemu-conf.c

funcs: do_compiler_werror do_cc compile_object main
lines: 157 171 1276 0
cc -m64 -mcx16 -DXBOX=1 -Wno-error -mthreads -std=gnu11 -Wall -Werror -fstack-protector-strong -c -o config-temp/qemu-conf.o config-temp/qemu-conf.c

funcs: do_compiler_werror do_cc compile_prog main
lines: 157 177 1277 0
cc -m64 -mcx16 -DXBOX=1 -Wno-error -mthreads -std=gnu11 -Wall -Werror -fstack-protector-strong -o config-temp/qemu-conf.exe config-temp/qemu-conf.c

funcs: do_compiler_werror do_cc compile_object main
lines: 157 171 1298 0
cc -m64 -mcx16 -DXBOX=1 -Wno-error -mthreads -std=gnu11 -Wall -fstack-protector-strong -Werror -c -o config-temp/qemu-conf.o config-temp/qemu-conf.c

funcs: do_compiler_werror do_cc compile_prog main
lines: 157 177 1346 0
cc -m64 -mcx16 -DXBOX=1 -Wno-error -mthreads -std=gnu11 -Wall -fstack-protector-strong -Werror -fno-pie -o config-temp/qemu-conf.exe config-temp/qemu-conf.c -fstack-protector-strong -no-pie

funcs: do_compiler_werror do_cc compile_prog main
lines: 157 177 1439 0
cc -m64 -mcx16 -DXBOX=1 -Wno-error -fno-pie -mthreads -std=gnu11 -Wall -fno-pie -no-pie -fstack-protector-strong -o config-temp/qemu-conf.exe config-temp/qemu-conf.c -no-pie -fstack-protector-strong
config-temp/qemu-conf.c:2:3: error: #error LITTLE
    2 | # error LITTLE
      |   ^~~~~

funcs: do_compiler_werror do_cc compile_prog main
lines: 157 177 1517 0
cc -m64 -mcx16 -DXBOX=1 -Wno-error -fno-pie -mthreads -std=gnu11 -Wall -fno-pie -no-pie -fstack-protector-strong -IC:/msys64/mingw64/include/glib-2.0 -IC:/msys64/mingw64/lib/glib-2.0/include -o config-temp/qemu-conf.exe config-temp/qemu-conf.c -no-pie -fstack-protector-strong -lgthread-2.0 -lglib-2.0 -lintl

funcs: do_compiler_werror do_cc compile_prog main
lines: 157 177 1537 0
cc -m64 -mcx16 -DXBOX=1 -Wno-error -fno-pie -mthreads -std=gnu11 -Wall -fno-pie -no-pie -fstack-protector-strong -IC:/msys64/mingw64/include/glib-2.0 -IC:/msys64/mingw64/lib/glib-2.0/include -Werror -o config-temp/qemu-conf.exe config-temp/qemu-conf.c -no-pie -fstack-protector-strong -lgthread-2.0 -lglib-2.0 -lintl

funcs: do_compiler_werror do_cc compile_prog main
lines: 157 177 1580 0
cc -m64 -mcx16 -DXBOX=1 -Wno-error -fno-pie -mthreads -std=gnu11 -Wall -fno-pie -no-pie -fstack-protector-strong -o config-temp/qemu-conf.exe config-temp/qemu-conf.c -no-pie -fstack-protector-strong
config-temp/qemu-conf.c:1:10: fatal error: ucontext.h: No such file or directory
    1 | #include <ucontext.h>
      |          ^~~~~~~~~~~~
compilation terminated.

funcs: do_compiler_werror do_cc compile_prog main
lines: 157 177 1670 0
cc -m64 -mcx16 -DXBOX=1 -Wno-error -fno-pie -mthreads -std=gnu11 -Wall -fno-pie -no-pie -fstack-protector-strong -Werror -o config-temp/qemu-conf.exe config-temp/qemu-conf.c -no-pie -fstack-protector-strong

funcs: do_compiler_werror do_cc compile_object main
lines: 157 171 1705 0
cc -m64 -mcx16 -DXBOX=1 -Wno-error -fno-pie -mthreads -std=gnu11 -Wall -fno-pie -no-pie -fstack-protector-strong -Werror -c -o config-temp/qemu-conf.o config-temp/qemu-conf.c

funcs: do_compiler probe_target_compiler main
lines: 2128 2303 0
cc -m32 -o config-temp/qemu-conf.o -c config-temp/qemu-conf.c

funcs: do_compiler probe_target_compiler main
lines: 2129 2303 0
cc -m32 -r -nostdlib -o config-temp/qemu-conf2.o config-temp/qemu-conf.o -lgcc
C:/msys64/mingw64/bin/../lib/gcc/x86_64-w64-mingw32/13.2.0/../../../../x86_64-w64-mingw32/bin/ld.exe: skipping incompatible C:/msys64/mingw64/bin/../lib/gcc/x86_64-w64-mingw32/13.2.0\libgcc.a when searching for -lgcc
C:/msys64/mingw64/bin/../lib/gcc/x86_64-w64-mingw32/13.2.0/../../../../x86_64-w64-mingw32/bin/ld.exe: cannot find -lgcc: No such file or directory
collect2.exe: error: ld returned 1 exit status

funcs: do_compiler probe_target_compiler main
lines: 2128 2530 0
cc -m32 -o config-temp/qemu-conf.o -c config-temp/qemu-conf.c

funcs: do_compiler probe_target_compiler main
lines: 2129 2530 0
cc -m32 -r -nostdlib -o config-temp/qemu-conf2.o config-temp/qemu-conf.o -lgcc
C:/msys64/mingw64/bin/../lib/gcc/x86_64-w64-mingw32/13.2.0/../../../../x86_64-w64-mingw32/bin/ld.exe: skipping incompatible C:/msys64/mingw64/bin/../lib/gcc/x86_64-w64-mingw32/13.2.0\libgcc.a when searching for -lgcc
C:/msys64/mingw64/bin/../lib/gcc/x86_64-w64-mingw32/13.2.0/../../../../x86_64-w64-mingw32/bin/ld.exe: cannot find -lgcc: No such file or directory
collect2.exe: error: ld returned 1 exit status
